<?xml version="1.0" encoding="utf-8"?><testsuite errors="0" failures="0" name="pytest" skips="0" tests="2" time="0.032"><testcase classname="test_calculations.CalculationsTest" file="test_calculations.py" line="9" name="test_divide_contain_zero" time="0.0010781288146972656"></testcase><testcase classname="test_calculations.CalculationsTest" file="test_calculations.py" line="6" name="test_divide_normal" time="0.000629425048828125"></testcase></testsuite>